<?xml version="1.0" encoding="UTF-8"?>
<!-- Generated by org.testng.reporters.JUnitXMLReporter -->
<testsuite hostname="Acer-PC" failures="0" tests="4" name="Default test" time="138.063" errors="0" timestamp="11 Sep 2018 16:49:03 GMT">
  <testcase classname="test.ReadExcelUsingarray" name="loadtest" time="35.325"/>
  <testcase classname="test.ReadExcelUsingarray" name="loadtest" time="34.767"/>
  <testcase classname="test.ReadExcelUsingarray" name="loadtest" time="35.315"/>
  <testcase classname="test.ReadExcelUsingarray" name="loadtest" time="31.554"/>
</testsuite> <!-- Default test -->
