<?xml version="1.0" encoding="UTF-8"?>
<!-- Generated by org.testng.reporters.JUnitXMLReporter -->
<testsuite hostname="Acer-PC" failures="0" tests="4" name="Default test" time="86.584" errors="0" timestamp="13 Sep 2018 07:26:32 GMT">
  <testcase classname="test.ReadExcelUsingarray" name="loadtest" time="21.805"/>
  <testcase classname="test.ReadExcelUsingarray" name="loadtest" time="22.156"/>
  <testcase classname="test.ReadExcelUsingarray" name="loadtest" time="19.956"/>
  <testcase classname="test.ReadExcelUsingarray" name="loadtest" time="21.447"/>
</testsuite> <!-- Default test -->
