<?xml version="1.0" encoding="UTF-8"?>
<testng-results total="4" passed="4" failed="0" skipped="0">
  <reporter-output>
  </reporter-output>
  <suite started-at="2018-09-13T07:25:06Z" name="Default suite" finished-at="2018-09-13T07:26:32Z" duration-ms="86584">
    <groups>
    </groups>
    <test started-at="2018-09-13T07:25:06Z" name="Default test" finished-at="2018-09-13T07:26:32Z" duration-ms="86584">
      <class name="test.ReadExcelUsingarray">
        <test-method signature="loadtest(java.lang.String, java.lang.String)[pri:0, instance:test.ReadExcelUsingarray@7d8704ef]" started-at="2018-09-13T12:55:07Z" name="loadtest" data-provider="getdata" finished-at="2018-09-13T12:55:29Z" duration-ms="21805" status="PASS">
          <params>
            <param index="0">
              <value>
                <![CDATA[1]]>
              </value>
            </param>
            <param index="1">
              <value>
                <![CDATA[Hello@123]]>
              </value>
            </param>
          </params>
          <reporter-output>
          </reporter-output>
        </test-method> <!-- loadtest -->
        <test-method signature="loadtest(java.lang.String, java.lang.String)[pri:0, instance:test.ReadExcelUsingarray@7d8704ef]" started-at="2018-09-13T12:55:29Z" name="loadtest" data-provider="getdata" finished-at="2018-09-13T12:55:51Z" duration-ms="22156" status="PASS">
          <params>
            <param index="0">
              <value>
                <![CDATA[2]]>
              </value>
            </param>
            <param index="1">
              <value>
                <![CDATA[Hello@123]]>
              </value>
            </param>
          </params>
          <reporter-output>
          </reporter-output>
        </test-method> <!-- loadtest -->
        <test-method signature="loadtest(java.lang.String, java.lang.String)[pri:0, instance:test.ReadExcelUsingarray@7d8704ef]" started-at="2018-09-13T12:55:51Z" name="loadtest" data-provider="getdata" finished-at="2018-09-13T12:56:11Z" duration-ms="19956" status="PASS">
          <params>
            <param index="0">
              <value>
                <![CDATA[3]]>
              </value>
            </param>
            <param index="1">
              <value>
                <![CDATA[Hello@123]]>
              </value>
            </param>
          </params>
          <reporter-output>
          </reporter-output>
        </test-method> <!-- loadtest -->
        <test-method signature="loadtest(java.lang.String, java.lang.String)[pri:0, instance:test.ReadExcelUsingarray@7d8704ef]" started-at="2018-09-13T12:56:11Z" name="loadtest" data-provider="getdata" finished-at="2018-09-13T12:56:32Z" duration-ms="21447" status="PASS">
          <params>
            <param index="0">
              <value>
                <![CDATA[4]]>
              </value>
            </param>
            <param index="1">
              <value>
                <![CDATA[Hello@123]]>
              </value>
            </param>
          </params>
          <reporter-output>
          </reporter-output>
        </test-method> <!-- loadtest -->
      </class> <!-- test.ReadExcelUsingarray -->
    </test> <!-- Default test -->
  </suite> <!-- Default suite -->
</testng-results>
